# JRE version: OpenJDK Runtime Environment (8.0_212-b04) (build 1.8.0_212-release-1586-b04)
# Java VM: OpenJDK 64-Bit Server VM (25.212-b04 mixed mode windows-amd64 compressed oops)
Heap:
 PSYoungGen      total 233984K, used 224512K [0x00000000e0000000, 0x00000000f2200000, 0x0000000100000000)
  eden space 210432K, 97% used [0x00000000e0000000,0x00000000ec883998,0x00000000ecd80000)
  from space 23552K, 81% used [0x00000000ecd80000,0x00000000ee03c698,0x00000000ee480000)
  to   space 25088K, 0% used [0x00000000f0980000,0x00000000f0980000,0x00000000f2200000)
 ParOldGen       total 145920K, used 39130K [0x00000000a0000000, 0x00000000a8e80000, 0x00000000e0000000)
  object space 145920K, 26% used [0x00000000a0000000,0x00000000a2636ae8,0x00000000a8e80000)
 Metaspace       used 73352K, capacity 77276K, committed 77440K, reserved 1116160K
  class space    used 9829K, capacity 10594K, committed 10624K, reserved 1048576K
GC Heap History (10 events):
Event: 7.526 GC heap before
{Heap before GC invocations=10 (full 2):
 PSYoungGen      total 182784K, used 9735K [0x00000000e0000000, 0x00000000ef980000, 0x0000000100000000)
  eden space 167936K, 0% used [0x00000000e0000000,0x00000000e0000000,0x00000000ea400000)
  from space 14848K, 65% used [0x00000000eb280000,0x00000000ebc01ec8,0x00000000ec100000)
  to   space 14848K, 0% used [0x00000000ea400000,0x00000000ea400000,0x00000000eb280000)
 ParOldGen       total 66560K, used 12897K [0x00000000a0000000, 0x00000000a4100000, 0x00000000e0000000)
  object space 66560K, 19% used [0x00000000a0000000,0x00000000a0c987f0,0x00000000a4100000)
 Metaspace       used 34645K, capacity 35382K, committed 35496K, reserved 1079296K
  class space    used 4784K, capacity 5028K, committed 5120K, reserved 1048576K
Event: 7.678 GC heap after
Heap after GC invocations=10 (full 2):
 PSYoungGen      total 182784K, used 0K [0x00000000e0000000, 0x00000000ef980000, 0x0000000100000000)
  eden space 167936K, 0% used [0x00000000e0000000,0x00000000e0000000,0x00000000ea400000)
  from space 14848K, 0% used [0x00000000eb280000,0x00000000eb280000,0x00000000ec100000)
  to   space 14848K, 0% used [0x00000000ea400000,0x00000000ea400000,0x00000000eb280000)
 ParOldGen       total 94208K, used 17208K [0x00000000a0000000, 0x00000000a5c00000, 0x00000000e0000000)
  object space 94208K, 18% used [0x00000000a0000000,0x00000000a10ce1c0,0x00000000a5c00000)
 Metaspace       used 34645K, capacity 35382K, committed 35496K, reserved 1079296K
  class space    used 4784K, capacity 5028K, committed 5120K, reserved 1048576K
}
Event: 10.274 GC heap before
{Heap before GC invocations=11 (full 2):
 PSYoungGen      total 182784K, used 167936K [0x00000000e0000000, 0x00000000ef980000, 0x0000000100000000)
  eden space 167936K, 100% used [0x00000000e0000000,0x00000000ea400000,0x00000000ea400000)
  from space 14848K, 0% used [0x00000000eb280000,0x00000000eb280000,0x00000000ec100000)
  to   space 14848K, 0% used [0x00000000ea400000,0x00000000ea400000,0x00000000eb280000)
 ParOldGen       total 94208K, used 17208K [0x00000000a0000000, 0x00000000a5c00000, 0x00000000e0000000)
  object space 94208K, 18% used [0x00000000a0000000,0x00000000a10ce1c0,0x00000000a5c00000)
 Metaspace       used 48709K, capacity 50132K, committed 50176K, reserved 1093632K
  class space    used 6531K, capacity 6898K, committed 6912K, reserved 1048576K
Event: 10.313 GC heap after
Heap after GC invocations=11 (full 2):
 PSYoungGen      total 182784K, used 14819K [0x00000000e0000000, 0x00000000ef700000, 0x0000000100000000)
  eden space 167936K, 0% used [0x00000000e0000000,0x00000000e0000000,0x00000000ea400000)
  from space 14848K, 99% used [0x00000000ea400000,0x00000000eb278e40,0x00000000eb280000)
  to   space 18944K, 0% used [0x00000000ee480000,0x00000000ee480000,0x00000000ef700000)
 ParOldGen       total 94208K, used 22680K [0x00000000a0000000, 0x00000000a5c00000, 0x00000000e0000000)
  object space 94208K, 24% used [0x00000000a0000000,0x00000000a1626118,0x00000000a5c00000)
 Metaspace       used 48709K, capacity 50132K, committed 50176K, reserved 1093632K
  class space    used 6531K, capacity 6898K, committed 6912K, reserved 1048576K
}
Event: 12.281 GC heap before
{Heap before GC invocations=12 (full 2):
 PSYoungGen      total 182784K, used 158283K [0x00000000e0000000, 0x00000000ef700000, 0x0000000100000000)
  eden space 167936K, 85% used [0x00000000e0000000,0x00000000e8c19f70,0x00000000ea400000)
  from space 14848K, 99% used [0x00000000ea400000,0x00000000eb278e40,0x00000000eb280000)
  to   space 18944K, 0% used [0x00000000ee480000,0x00000000ee480000,0x00000000ef700000)
 ParOldGen       total 94208K, used 22680K [0x00000000a0000000, 0x00000000a5c00000, 0x00000000e0000000)
  object space 94208K, 24% used [0x00000000a0000000,0x00000000a1626118,0x00000000a5c00000)
 Metaspace       used 56949K, capacity 59020K, committed 59136K, reserved 1099776K
  class space    used 7933K, capacity 8390K, committed 8448K, reserved 1048576K
Event: 12.324 GC heap after
Heap after GC invocations=12 (full 2):
 PSYoungGen      total 229376K, used 18935K [0x00000000e0000000, 0x00000000efe80000, 0x0000000100000000)
  eden space 210432K, 0% used [0x00000000e0000000,0x00000000e0000000,0x00000000ecd80000)
  from space 18944K, 99% used [0x00000000ee480000,0x00000000ef6fdcd8,0x00000000ef700000)
  to   space 23552K, 0% used [0x00000000ecd80000,0x00000000ecd80000,0x00000000ee480000)
 ParOldGen       total 94208K, used 27462K [0x00000000a0000000, 0x00000000a5c00000, 0x00000000e0000000)
  object space 94208K, 29% used [0x00000000a0000000,0x00000000a1ad1880,0x00000000a5c00000)
 Metaspace       used 56949K, capacity 59020K, committed 59136K, reserved 1099776K
  class space    used 7933K, capacity 8390K, committed 8448K, reserved 1048576K
}
Event: 12.324 GC heap before
{Heap before GC invocations=13 (full 3):
 PSYoungGen      total 229376K, used 18935K [0x00000000e0000000, 0x00000000efe80000, 0x0000000100000000)
  eden space 210432K, 0% used [0x00000000e0000000,0x00000000e0000000,0x00000000ecd80000)
  from space 18944K, 99% used [0x00000000ee480000,0x00000000ef6fdcd8,0x00000000ef700000)
  to   space 23552K, 0% used [0x00000000ecd80000,0x00000000ecd80000,0x00000000ee480000)
 ParOldGen       total 94208K, used 27462K [0x00000000a0000000, 0x00000000a5c00000, 0x00000000e0000000)
  object space 94208K, 29% used [0x00000000a0000000,0x00000000a1ad1880,0x00000000a5c00000)
 Metaspace       used 56949K, capacity 59020K, committed 59136K, reserved 1099776K
  class space    used 7933K, capacity 8390K, committed 8448K, reserved 1048576K
Event: 12.757 GC heap after
Heap after GC invocations=13 (full 3):
 PSYoungGen      total 229376K, used 0K [0x00000000e0000000, 0x00000000efe80000, 0x0000000100000000)
  eden space 210432K, 0% used [0x00000000e0000000,0x00000000e0000000,0x00000000ecd80000)
  from space 18944K, 0% used [0x00000000ee480000,0x00000000ee480000,0x00000000ef700000)
  to   space 23552K, 0% used [0x00000000ecd80000,0x00000000ecd80000,0x00000000ee480000)
 ParOldGen       total 145920K, used 39122K [0x00000000a0000000, 0x00000000a8e80000, 0x00000000e0000000)
  object space 145920K, 26% used [0x00000000a0000000,0x00000000a2634ae8,0x00000000a8e80000)
 Metaspace       used 56927K, capacity 58948K, committed 59136K, reserved 1099776K
  class space    used 7927K, capacity 8378K, committed 8448K, reserved 1048576K
}
Event: 347.700 GC heap before
{Heap before GC invocations=14 (full 3):
 PSYoungGen      total 229376K, used 210432K [0x00000000e0000000, 0x00000000efe80000, 0x0000000100000000)
  eden space 210432K, 100% used [0x00000000e0000000,0x00000000ecd80000,0x00000000ecd80000)
  from space 18944K, 0% used [0x00000000ee480000,0x00000000ee480000,0x00000000ef700000)
  to   space 23552K, 0% used [0x00000000ecd80000,0x00000000ecd80000,0x00000000ee480000)
 ParOldGen       total 145920K, used 39122K [0x00000000a0000000, 0x00000000a8e80000, 0x00000000e0000000)
  object space 145920K, 26% used [0x00000000a0000000,0x00000000a2634ae8,0x00000000a8e80000)
 Metaspace       used 68873K, capacity 72470K, committed 72576K, reserved 1112064K
  class space    used 9363K, capacity 10075K, committed 10112K, reserved 1048576K
Event: 347.727 GC heap after
Heap after GC invocations=14 (full 3):
 PSYoungGen      total 233984K, used 19185K [0x00000000e0000000, 0x00000000f2200000, 0x0000000100000000)
  eden space 210432K, 0% used [0x00000000e0000000,0x00000000e0000000,0x00000000ecd80000)
  from space 23552K, 81% used [0x00000000ecd80000,0x00000000ee03c698,0x00000000ee480000)
  to   space 25088K, 0% used [0x00000000f0980000,0x00000000f0980000,0x00000000f2200000)
 ParOldGen       total 145920K, used 39130K [0x00000000a0000000, 0x00000000a8e80000, 0x00000000e0000000)
  object space 145920K, 26% used [0x00000000a0000000,0x00000000a2636ae8,0x00000000a8e80000)
 Metaspace       used 68873K, capacity 72470K, committed 72576K, reserved 1112064K
  class space    used 9363K, capacity 10075K, committed 10112K, reserved 1048576K
}

